\BOOKMARK [0][-]{chapter.1}{\376\377\000F\000u\000n\000c\000t\000i\000o\000n\000s\000\040\000o\000f\000\040\000C\000o\000m\000p\000l\000e\000x\000\040\000V\000a\000r\000i\000a\000b\000l\000e\000s}{}% 1
\BOOKMARK [1][-]{section.1.1}{\376\377\000L\000e\000c\000t\000u\000r\000e\000\040\0001\000\040\000\050\0000\0002\000-\0000\0003\000\051\000\040\040\023\000\040\000C\000o\000m\000p\000l\000e\000x\000\040\000n\000u\000m\000b\000e\000r\000s}{chapter.1}% 2
\BOOKMARK [2][-]{subsection.1.1.1}{\376\377\000I\000n\000t\000r\000o\000d\000u\000c\000t\000i\000o\000n}{section.1.1}% 3
\BOOKMARK [1][-]{section.1.2}{\376\377\000L\000e\000c\000t\000u\000r\000e\000\040\0002\000\040\000\050\0000\0002\000-\0000\0005\000\051\000\040\040\023\000\040\000C\000o\000m\000p\000l\000e\000x\000\040\000n\000u\000m\000b\000e\000r\000s}{chapter.1}% 4
\BOOKMARK [2][-]{subsection.1.2.1}{\376\377\000T\000h\000e\000\040\000a\000l\000g\000e\000b\000r\000a\000\040\000o\000f\000\040\000c\000o\000m\000p\000l\000e\000x\000\040\000n\000u\000m\000b\000e\000r\000s}{section.1.2}% 5
\BOOKMARK [1][-]{section.1.3}{\376\377\000R\000e\000c\000i\000t\000a\000t\000i\000o\000n\000\040\0001\000\050\0000\0002\000-\0000\0007\000\051}{chapter.1}% 6
\BOOKMARK [1][-]{section.1.4}{\376\377\000L\000e\000c\000t\000u\000r\000e\000\040\0003\000\040\000\050\0000\0002\000-\0001\0000\000\051\000\040\040\023\000\040\000A\000l\000g\000e\000b\000r\000a\000i\000c\000\040\000S\000t\000r\000u\000c\000t\000u\000r\000e\000\040\000o\000f\000\040\000C\000o\000m\000p\000l\000e\000x\000\040\000n\000u\000m\000b\000e\000r\000s}{chapter.1}% 7
\BOOKMARK [2][-]{subsection.1.4.1}{\376\377\000A\000l\000g\000e\000b\000r\000a\000i\000c\000\040\000S\000t\000r\000u\000c\000t\000u\000r\000e\000\040\000o\000f\000\040\000C\000o\000m\000p\000l\000e\000x\000\040\000n\000u\000m\000b\000e\000r\000s}{section.1.4}% 8
\BOOKMARK [2][-]{subsection.1.4.2}{\376\377\000S\000q\000u\000a\000r\000e\000\040\000r\000o\000o\000t\000s}{section.1.4}% 9
\BOOKMARK [1][-]{section.1.5}{\376\377\000L\000e\000c\000t\000u\000r\000e\000\040\0004\000\040\000\050\0000\0002\000-\0001\0002\000\051\000\040\040\023\000\040\000C\000o\000n\000j\000u\000g\000a\000t\000i\000o\000n\000\040\000a\000n\000d\000\040\000a\000b\000s\000o\000l\000u\000t\000e\000\040\000v\000a\000l\000u\000e}{chapter.1}% 10
\BOOKMARK [1][-]{section.1.6}{\376\377\000R\000e\000c\000i\000t\000a\000t\000i\000o\000n\000\040\0002\000\040\000\050\0000\0002\000-\0001\0004\000\051}{chapter.1}% 11
\BOOKMARK [1][-]{section.1.7}{\376\377\000L\000e\000c\000t\000u\000r\000e\000\040\0005\000\040\000\050\0000\0002\000-\0001\0007\000\051\000\040\040\023\000\040\000T\000h\000e\000\040\000g\000e\000o\000m\000e\000t\000r\000i\000c\000\040\000r\000e\000p\000r\000e\000s\000e\000n\000t\000a\000t\000i\000o\000n\000\040\000o\000f\000\040\000c\000o\000m\000p\000l\000e\000x\000\040\000n\000u\000m\000b\000e\000r\000s}{chapter.1}% 12
\BOOKMARK [2][-]{subsection.1.7.1}{\376\377\000G\000e\000o\000m\000e\000t\000r\000i\000c\000\040\000m\000u\000l\000t\000i\000p\000l\000i\000c\000a\000t\000i\000o\000n}{section.1.7}% 13
\BOOKMARK [2][-]{subsection.1.7.2}{\376\377\000T\000h\000e\000\040\000b\000i\000n\000o\000m\000i\000a\000l\000\040\000e\000q\000u\000a\000t\000i\000o\000n}{section.1.7}% 14
\BOOKMARK [2][-]{subsection.1.7.3}{\376\377\000R\000o\000o\000t\000s\000\040\000o\000f\000\040\000c\000o\000m\000p\000l\000e\000x\000\040\000n\000u\000m\000b\000e\000r\000s}{section.1.7}% 15
\BOOKMARK [1][-]{section.1.8}{\376\377\000L\000e\000c\000t\000u\000r\000e\000\040\0006\000\040\000\050\0000\0002\000-\0001\0009\000\051\000\040\040\023\000\040\000R\000i\000e\000m\000a\000n\000n\000\040\000s\000p\000h\000e\000r\000e}{chapter.1}% 16
\BOOKMARK [1][-]{section.1.9}{\376\377\000L\000e\000c\000t\000u\000r\000e\000\040\0007\000\040\000\050\0000\0002\000-\0002\0004\000\051\000\040\040\023\000\040\000C\000o\000m\000p\000l\000e\000x\000\040\000f\000u\000n\000c\000t\000i\000o\000n}{chapter.1}% 17
\BOOKMARK [2][-]{subsection.1.9.1}{\376\377\000a\000n\000a\000l\000i\000t\000i\000c\000i\000t\000y}{section.1.9}% 18
\BOOKMARK [1][-]{section.1.10}{\376\377\000L\000e\000c\000t\000u\000r\000e\000\040\0008\000\040\000\050\0000\0002\000-\0002\0006\000\051\040\023\000p\000o\000l\000y\000n\000o\000m\000i\000a\000l}{chapter.1}% 19
\BOOKMARK [2][-]{subsection.1.10.1}{\376\377\000p\000o\000l\000y\000n\000o\000m\000i\000a\000l\000s}{section.1.10}% 20
\BOOKMARK [1][-]{section.1.11}{\376\377\000L\000e\000c\000t\000u\000r\000e\000\040\0009\000\040\000\050\0000\0003\000-\0000\0002\000\051}{chapter.1}% 21
\BOOKMARK [2][-]{subsection.1.11.1}{\376\377\0002\000.\0004\000\040\000R\000a\000t\000i\000o\000n\000a\000l\000\040\000f\000u\000n\000c\000t\000i\000o\000n\000s}{section.1.11}% 22
\BOOKMARK [0][-]{chapter.2}{\376\377\000H\000o\000n\000o\000r\000s\000\040\000T\000h\000e\000o\000r\000y\000\040\000o\000f\000\040\000P\000r\000o\000b\000a\000b\000i\000l\000i\000t\000y\000\040}{}% 23
\BOOKMARK [1][-]{section.2.1}{\376\377\000L\000e\000c\000t\000u\000r\000e\000\040\0001\000\040\000\050\0000\0002\000-\0000\0003\000\051\000\040\040\023\000\040\000I\000n\000t\000r\000o\000d\000u\000c\000t\000i\000o\000n\000\040\000t\000o\000\040\000P\000r\000o\000b\000a\000b\000i\000l\000i\000t\000y}{chapter.2}% 24
\BOOKMARK [2][-]{subsection.2.1.1}{\376\377\000I\000n\000t\000r\000o}{section.2.1}% 25
\BOOKMARK [2][-]{subsection.2.1.2}{\376\377\000P\000r\000o\000b\000a\000b\000i\000l\000i\000t\000y\000\040\000S\000p\000a\000c\000e}{section.2.1}% 26
\BOOKMARK [1][-]{section.2.2}{\376\377\000L\000e\000c\000t\000u\000r\000e\000\040\0002\000\040\000\050\0000\0002\000-\0000\0005\000\051\000\040\040\023\000\040\000A\000l\000g\000e\000b\000r\000a}{chapter.2}% 27
\BOOKMARK [2][-]{subsection.2.2.1}{\376\377\000a\000l\000g\000e\000b\000r\000a\000\040\000a\000n\000d\000\040\000-\000a\000l\000g\000e\000b\000r\000a}{section.2.2}% 28
\BOOKMARK [1][-]{section.2.3}{\376\377\000R\000e\000c\000i\000t\000a\000t\000i\000o\000n\000\040\0001\000\040\000\050\0000\0002\000-\0000\0007\000\051\000\040\040\023\000\040\000P\000r\000o\000b\000l\000e\000m\000\040\000S\000o\000l\000v\000i\000n\000g\000\040\000\050\000A\000l\000g\000e\000b\000r\000a\000\051}{chapter.2}% 29
\BOOKMARK [2][-]{subsection.2.3.1}{\376\377\000B\000a\000s\000i\000c\000\040\000S\000e\000t\000\040\000T\000h\000e\000o\000r\000y}{section.2.3}% 30
\BOOKMARK [2][-]{subsection.2.3.2}{\376\377\000L\000i\000m\000i\000t\000s\000\040\000o\000f\000\040\000S\000e\000t\000s}{section.2.3}% 31
\BOOKMARK [2][-]{subsection.2.3.3}{\376\377\000E\000x\000e\000r\000c\000i\000s\000e}{section.2.3}% 32
\BOOKMARK [1][-]{section.2.4}{\376\377\000L\000e\000c\000t\000u\000r\000e\000\040\0003\000\040\000\050\0000\0002\000-\0001\0000\000\051\040\023\000\050\000C\000o\000n\000t\000e\000n\000t\000\040\000a\000n\000d\000\040\000M\000e\000a\000s\000u\000r\000e\000\051}{chapter.2}% 33
\BOOKMARK [2][-]{subsection.2.4.1}{\376\377\000C\000o\000n\000t\000e\000n\000t\000\040\000a\000n\000d\000\040\000M\000e\000a\000s\000u\000r\000e}{section.2.4}% 34
\BOOKMARK [1][-]{section.2.5}{\376\377\000L\000e\000c\000t\000u\000r\000e\000\040\0004\000\040\000\050\0000\0002\000-\0001\0002\000\051\040\023\000M\000e\000a\000s\000u\000r\000e\000\040\000a\000n\000d\000\040\000E\000x\000t\000e\000n\000s\000i\000o\000n}{chapter.2}% 35
\BOOKMARK [2][-]{subsection.2.5.1}{\376\377\000\040\000\040\000a\000n\000d\000\040\000\040\000s\000y\000s\000t\000e\000m\000\040}{section.2.5}% 36
\BOOKMARK [1][-]{section.2.6}{\376\377\000R\000e\000c\000i\000t\000a\000t\000i\000o\000n\000\040\0002\000\040\000\050\0000\0002\000-\0001\0004\000\051\000-\000E\000x\000e\000r\000c\000i\000s\000e}{chapter.2}% 37
\BOOKMARK [2][-]{subsection.2.6.1}{\376\377\000S\000p\000e\000c\000i\000a\000l\000\040\000C\000a\000s\000e\000:}{section.2.6}% 38
\BOOKMARK [1][-]{section.2.7}{\376\377\000L\000e\000c\000t\000u\000r\000e\000\040\0005\000\040\000\050\0000\0002\000-\0001\0007\000\051}{chapter.2}% 39
\BOOKMARK [1][-]{section.2.8}{\376\377\000L\000e\000c\000t\000u\000r\000e\000\040\0006\000\040\000\050\0000\0002\000-\0001\0009\000\051\000-\000C\000o\000n\000d\000i\000t\000i\000o\000n\000a\000l\000\040\000P\000r\000o\000b\000a\000b\000i\000l\000i\000t\000y}{chapter.2}% 40
\BOOKMARK [1][-]{section.2.9}{\376\377\000L\000e\000c\000t\000u\000r\000e\000\040\0007\000\040\000\050\0000\0002\000-\0002\0001\000\051\000-\000I\000n\000d\000e\000p\000e\000n\000d\000e\000n\000c\000e}{chapter.2}% 41
\BOOKMARK [1][-]{section.2.10}{\376\377\000L\000e\000c\000t\000u\000r\000e\000\040\0007\000\040\000\050\0000\0002\000-\0002\0004\000\051\000-\000R\000a\000n\000d\000o\000m\000\040\000w\000a\000l\000k}{chapter.2}% 42
\BOOKMARK [2][-]{subsection.2.10.1}{\376\377\000R\000a\000n\000d\000o\000m\000\040\000V\000a\000r\000i\000a\000b\000l\000e\000\040\000a\000n\000d\000\040\000M\000e\000a\000s\000u\000r\000a\000b\000l\000e\000\040\000f\000u\000n\000c\000t\000i\000o\000n\000s}{section.2.10}% 43
\BOOKMARK [1][-]{section.2.11}{\376\377\000L\000e\000c\000t\000u\000r\000e\000\040\0008\000\040\000\050\0000\0002\000-\0002\0006\000\051}{chapter.2}% 44
\BOOKMARK [1][-]{section.2.12}{\376\377\000L\000e\000c\000t\000u\000r\000e\000\040\0009\000\040\000\050\0000\0002\000-\0002\0008\000\051\000-\000E\000x\000p\000e\000c\000t\000a\000t\000i\000o\000n}{chapter.2}% 45
\BOOKMARK [1][-]{section.2.13}{\376\377\000L\000e\000c\000t\000u\000r\000e\000\040\0001\0000\000\040\000\050\0000\0003\000-\0000\0002\000\051\000-\000V\000a\000r}{chapter.2}% 46
\BOOKMARK [0][-]{chapter.3}{\376\377\000P\000a\000r\000t\000i\000a\000l\000\040\000D\000i\000f\000f\000e\000r\000e\000n\000t\000i\000a\000l\000\040\000E\000q\000u\000a\000t\000i\000o\000n\000s}{}% 47
\BOOKMARK [1][-]{section.3.1}{\376\377\000L\000e\000c\000t\000u\000r\000e\000\040\0001\000\040\000\050\0000\0002\000-\0000\0003\000\051\000\040\040\023\000\040\000W\000h\000a\000t\000\040\000a\000r\000e\000\040\000t\000h\000e\000\040\000P\000D\000E\000s\000?}{chapter.3}% 48
\BOOKMARK [2][-]{subsection.3.1.1}{\376\377\000W\000h\000a\000t\000\040\000a\000r\000e\000\040\000t\000h\000e\000\040\000P\000D\000E\000s\000?}{section.3.1}% 49
\BOOKMARK [2][-]{subsection.3.1.2}{\376\377\000C\000l\000a\000s\000s\000i\000c\000a\000l\000\040\000s\000o\000l\000u\000t\000i\000o\000n\000s}{section.3.1}% 50
\BOOKMARK [2][-]{subsection.3.1.3}{\376\377\000I\000n\000i\000t\000i\000a\000l\000\040\000a\000n\000d\000\040\000B\000o\000u\000n\000d\000a\000r\000y\000\040\000C\000o\000n\000d\000i\000t\000i\000o\000n\000s}{section.3.1}% 51
\BOOKMARK [2][-]{subsection.3.1.4}{\376\377\000L\000i\000n\000e\000a\000r\000\040\000a\000n\000d\000\040\000N\000o\000n\000l\000i\000n\000e\000a\000r\000\040\000w\000a\000v\000e\000s}{section.3.1}% 52
\BOOKMARK [1][-]{section.3.2}{\376\377\000L\000e\000c\000t\000u\000r\000e\000\040\0002\000\040\000\050\0000\0002\000-\0000\0005\000\051\000\040\040\023\000\040\000U\000n\000i\000f\000o\000r\000m\000\040\000T\000r\000a\000n\000s\000p\000o\000r\000t\000\040\000a\000n\000d\000\040\000T\000r\000a\000v\000e\000l\000i\000n\000g\000\040\000w\000a\000v\000e\000s}{chapter.3}% 53
\BOOKMARK [2][-]{subsection.3.2.1}{\376\377\000u\000n\000i\000f\000o\000r\000m\000\040\000t\000r\000a\000n\000s\000p\000o\000r\000t}{section.3.2}% 54
\BOOKMARK [2][-]{subsection.3.2.2}{\376\377\000N\000o\000n\000u\000n\000i\000f\000o\000r\000m\000\040\000t\000r\000a\000n\000s\000p\000o\000r\000t}{section.3.2}% 55
\BOOKMARK [1][-]{section.3.3}{\376\377\000L\000e\000c\000t\000u\000r\000e\000\040\0003\000\040\000\050\0000\0002\000-\0001\0000\000\051\000-\000N\000o\000n\000l\000i\000n\000e\000a\000r\000\040\000t\000r\000a\000n\000s\000p\000o\000r\000t\000\040\000a\000n\000d\000\040\000s\000h\000o\000c\000k\000s}{chapter.3}% 56
\BOOKMARK [2][-]{subsection.3.3.1}{\376\377\000T\000h\000e\000\040\000w\000a\000v\000e\000\040\000e\000q\000u\000a\000t\000i\000o\000n\000:\000d\000'\000A\000l\000e\000m\000b\000e\000r\000t\000'\000s\000\040\000f\000o\000r\000m\000u\000l\000a}{section.3.3}% 57
\BOOKMARK [1][-]{section.3.4}{\376\377\000L\000e\000c\000t\000u\000r\000e\000\040\0004\000\040\000\050\0000\0002\000-\0001\0002\000\051}{chapter.3}% 58
\BOOKMARK [2][-]{subsection.3.4.1}{\376\377\000E\000x\000e\000r\000c\000i\000s\000e\000s}{section.3.4}% 59
\BOOKMARK [1][-]{section.3.5}{\376\377\000L\000e\000c\000t\000u\000r\000e\000\040\0005\000\040\000\050\0000\0002\000-\0001\0007\000\051\000-\000E\000x\000e\000r\000c\000i\000s\000e}{chapter.3}% 60
\BOOKMARK [1][-]{section.3.6}{\376\377\000L\000e\000c\000t\000u\000r\000e\000\040\0006\000\040\000\050\0000\0002\000-\0001\0009\000\051\040\023\000F\000o\000u\000r\000i\000e\000r\000\040\000S\000e\000r\000i\000e\000s}{chapter.3}% 61
\BOOKMARK [2][-]{subsection.3.6.1}{\376\377\000F\000o\000u\000r\000i\000e\000r\000\040\000S\000e\000r\000i\000e\000s}{section.3.6}% 62
\BOOKMARK [2][-]{subsection.3.6.2}{\376\377\000F\000o\000u\000r\000i\000e\000r\000\040\000S\000e\000r\000i\000e\000s\000\040\0002}{section.3.6}% 63
\BOOKMARK [1][-]{section.3.7}{\376\377\000L\000e\000c\000t\000u\000r\000e\000\040\0007\000\040\000\050\0000\0002\000-\0002\0004\000\051}{chapter.3}% 64
\BOOKMARK [2][-]{subsection.3.7.1}{\376\377\000C\000o\000m\000p\000l\000e\000x\000\040\000F\000o\000u\000r\000i\000e\000r\000\040\000s\000e\000r\000i\000e\000s}{section.3.7}% 65
\BOOKMARK [1][-]{section.3.8}{\376\377\000L\000e\000c\000t\000u\000r\000e\000\040\0008\000\040\000\050\0000\0002\000-\0002\0006\000\051\040\023\000F\000o\000u\000r\000i\000e\000r\000\040\000S\000e\000r\000i\000e\000s}{chapter.3}% 66
\BOOKMARK [2][-]{subsection.3.8.1}{\376\377\000D\000i\000f\000f\000e\000r\000e\000n\000t\000i\000a\000t\000i\000o\000n\000\040\000a\000n\000d\000\040\000i\000n\000t\000e\000g\000r\000a\000t\000i\000o\000n\000\040\000o\000f\000\040\000F\000o\000u\000r\000i\000e\000r\000\040\000s\000e\000r\000i\000e\000s}{section.3.8}% 67
\BOOKMARK [2][-]{subsection.3.8.2}{\376\377\000c\000h\000a\000n\000g\000e\000\040\000o\000f\000\040\000s\000c\000a\000l\000e}{section.3.8}% 68
\BOOKMARK [2][-]{subsection.3.8.3}{\376\377\000C\000o\000n\000v\000e\000r\000g\000e\000n\000c\000e\000\040\000o\000f\000\040\000F\000o\000u\000r\000i\000e\000r\000\040\000s\000e\000r\000i\000e\000s}{section.3.8}% 69
\BOOKMARK [1][-]{section.3.9}{\376\377\000L\000e\000c\000t\000u\000r\000e\000\040\0009\000\040\000\050\0000\0003\000-\0000\0002\000\051\040\023\000E\000x\000e\000r\000c\000i\000s\000e\000s}{chapter.3}% 70
\BOOKMARK [2][-]{subsection.3.9.1}{\376\377\000H\000i\000l\000b\000e\000r\000t\000\040\000s\000p\000a\000c\000e}{section.3.9}% 71
\BOOKMARK [0][-]{chapter.4}{\376\377\000A\000l\000g\000o\000r\000i\000t\000h\000m}{}% 72
\BOOKMARK [1][-]{section.4.1}{\376\377\000L\000e\000c\000t\000u\000r\000e\000\040\0001\000\040\000\050\0000\0002\000-\0000\0003\000\051\000\040\040\023\000\040\000A\000s\000y\000m\000p\000t\000o\000t\000i\000c\000\040\000b\000o\000u\000n\000d\000s\000\040\000a\000n\000d\000\040\000b\000i\000g\000\040\000O}{chapter.4}% 73
\BOOKMARK [1][-]{section.4.2}{\376\377\000R\000e\000c\000i\000t\000a\000t\000i\000o\000n\000\040\0001\000\040\000\050\0000\0002\000-\0000\0007\000\051\040\023\000P\000r\000o\000b\000l\000e\000m\000\040\000S\000o\000l\000v\000i\000n\000g}{chapter.4}% 74
\BOOKMARK [1][-]{section.4.3}{\376\377\000R\000e\000c\000i\000t\000a\000t\000i\000o\000n\000\040\0000\0002}{chapter.4}% 75
\BOOKMARK [1][-]{section.4.4}{\376\377\000L\000e\000c\000t\000u\000r\000e\000\040\0002\000\040\000\050\0000\0002\000-\0001\0009\000\051\000\040\040\023\000\040\000D\000i\000v\000i\000d\000e\000\040\000a\000n\000d\000\040\000C\000o\000n\000q\000u\000e\000r}{chapter.4}% 76
